<?xml version="1.0" encoding="UTF-8"?>
<testng-results ignored="0" total="1" passed="1" failed="0" skipped="0">
  <reporter-output>
  </reporter-output>
  <suite started-at="2022-02-19T13:28:09 IST" name="Default suite" finished-at="2022-02-19T13:28:14 IST" duration-ms="5528">
    <groups>
    </groups>
    <test started-at="2022-02-19T13:28:09 IST" name="Default test" finished-at="2022-02-19T13:28:14 IST" duration-ms="5528">
      <class name="authTest.OAuth2PostAuthorization">
        <test-method signature="getAuthToken()[pri:0, instance:authTest.OAuth2PostAuthorization@5ace1ed4]" started-at="2022-02-19T13:28:09 IST" name="getAuthToken" finished-at="2022-02-19T13:28:14 IST" duration-ms="5446" status="PASS">
          <reporter-output>
          </reporter-output>
        </test-method> <!-- getAuthToken -->
      </class> <!-- authTest.OAuth2PostAuthorization -->
    </test> <!-- Default test -->
  </suite> <!-- Default suite -->
</testng-results>
